<?xml version="1.0" encoding="UTF-8"?>
<!-- Generated by org.testng.reporters.JUnitXMLReporter -->
<testsuite ignored="0" hostname="DESKTOP-EEJ654N" failures="1" tests="3" name="Test" time="32.604" errors="0" timestamp="2025-09-07T23:37:53 IST">
  <testcase classname="testLayer.LoginPageTest" name="validateLoginFunctionality" time="0.657"/>
  <testcase classname="testLayer.HomePageTest" name="validateHomePage" time="2.452"/>
  <testcase classname="testLayer.CreateNewDealPageTest" name="validateNewDeal" time="20.498">
    <failure type="org.openqa.selenium.ElementClickInterceptedException" message="element click intercepted: Element &amp;lt;button type=&amp;quot;button&amp;quot; class=&amp;quot;react-datepicker__navigation react-datepicker__navigation--next react-datepicker__navigation--next--with-time&amp;quot; aria-label=&amp;quot;Next Month&amp;quot;&amp;gt;...&amp;lt;/button&amp;gt; is not clickable at point (262, 87). Other element would receive the click: &amp;lt;div class=&amp;quot;ui secondary pointing menu header-title page-header&amp;quot; id=&amp;quot;dashboard-toolbar&amp;quot;&amp;gt;...&amp;lt;/div&amp;gt;
  (Session info: chrome=139.0.7258.155)
Build info: version: &amp;apos;4.16.1&amp;apos;, revision: &amp;apos;9b4c83354e&amp;apos;
System info: os.name: &amp;apos;Windows 10&amp;apos;, os.arch: &amp;apos;amd64&amp;apos;, os.version: &amp;apos;10.0&amp;apos;, java.version: &amp;apos;21.0.8&amp;apos;
Driver info: org.openqa.selenium.chrome.ChromeDriver
Command: [76d7c3098c3b42e9a31c08cd2ddaf05b, clickElement {id=f.0F87B72AF82ADF67042EC0D11D6E6344.d.50E85ABA0C5F7B48A8A6DDEBFAF76616.e.272}]
Capabilities {acceptInsecureCerts: false, browserName: chrome, browserVersion: 139.0.7258.155, chrome: {chromedriverVersion: 139.0.7258.154 (9e0d6b2b47f..., userDataDir: C:\Users\Admin\AppData\Loca...}, fedcm:accounts: true, goog:chromeOptions: {debuggerAddress: localhost:59558}, networkConnectionEnabled: false, pageLoadStrategy: normal, platformName: windows, proxy: Proxy(), se:cdp: ws://localhost:59558/devtoo..., se:cdpVersion: 139.0.7258.155, setWindowRect: true, strictFileInteractability: false, timeouts: {implicit: 0, pageLoad: 300000, script: 30000}, unhandledPromptBehavior: dismiss and notify, webauthn:extension:credBlob: true, webauthn:extension:largeBlob: true, webauthn:extension:minPinLength: true, webauthn:extension:prf: true, webauthn:virtualAuthenticators: true}
Element: [[ChromeDriver: chrome on windows (76d7c3098c3b42e9a31c08cd2ddaf05b)] -&amp;gt; xpath: //button[@class=&amp;apos;react-datepicker__navigation react-datepicker__navigation--next react-datepicker__navigation--next--with-time&amp;apos;]]
Session ID: 76d7c3098c3b42e9a31c08cd2ddaf05b">
      <![CDATA[org.openqa.selenium.ElementClickInterceptedException: element click intercepted: Element <button type="button" class="react-datepicker__navigation react-datepicker__navigation--next react-datepicker__navigation--next--with-time" aria-label="Next Month">...</button> is not clickable at point (262, 87). Other element would receive the click: <div class="ui secondary pointing menu header-title page-header" id="dashboard-toolbar">...</div>
  (Session info: chrome=139.0.7258.155)
Build info: version: '4.16.1', revision: '9b4c83354e'
System info: os.name: 'Windows 10', os.arch: 'amd64', os.version: '10.0', java.version: '21.0.8'
Driver info: org.openqa.selenium.chrome.ChromeDriver
Command: [76d7c3098c3b42e9a31c08cd2ddaf05b, clickElement {id=f.0F87B72AF82ADF67042EC0D11D6E6344.d.50E85ABA0C5F7B48A8A6DDEBFAF76616.e.272}]
Capabilities {acceptInsecureCerts: false, browserName: chrome, browserVersion: 139.0.7258.155, chrome: {chromedriverVersion: 139.0.7258.154 (9e0d6b2b47f..., userDataDir: C:\Users\Admin\AppData\Loca...}, fedcm:accounts: true, goog:chromeOptions: {debuggerAddress: localhost:59558}, networkConnectionEnabled: false, pageLoadStrategy: normal, platformName: windows, proxy: Proxy(), se:cdp: ws://localhost:59558/devtoo..., se:cdpVersion: 139.0.7258.155, setWindowRect: true, strictFileInteractability: false, timeouts: {implicit: 0, pageLoad: 300000, script: 30000}, unhandledPromptBehavior: dismiss and notify, webauthn:extension:credBlob: true, webauthn:extension:largeBlob: true, webauthn:extension:minPinLength: true, webauthn:extension:prf: true, webauthn:virtualAuthenticators: true}
Element: [[ChromeDriver: chrome on windows (76d7c3098c3b42e9a31c08cd2ddaf05b)] -> xpath: //button[@class='react-datepicker__navigation react-datepicker__navigation--next react-datepicker__navigation--next--with-time']]
Session ID: 76d7c3098c3b42e9a31c08cd2ddaf05b
at org.openqa.selenium.remote.codec.w3c.W3CHttpResponseCodec.createException(W3CHttpResponseCodec.java:200)
at org.openqa.selenium.remote.codec.w3c.W3CHttpResponseCodec.decode(W3CHttpResponseCodec.java:133)
at org.openqa.selenium.remote.codec.w3c.W3CHttpResponseCodec.decode(W3CHttpResponseCodec.java:52)
at org.openqa.selenium.remote.HttpCommandExecutor.execute(HttpCommandExecutor.java:191)
at org.openqa.selenium.remote.service.DriverCommandExecutor.invokeExecute(DriverCommandExecutor.java:200)
at org.openqa.selenium.remote.service.DriverCommandExecutor.execute(DriverCommandExecutor.java:175)
at org.openqa.selenium.remote.RemoteWebDriver.execute(RemoteWebDriver.java:523)
at org.openqa.selenium.remote.RemoteWebElement.execute(RemoteWebElement.java:224)
at org.openqa.selenium.remote.RemoteWebElement.click(RemoteWebElement.java:77)
at org.openqa.selenium.support.pagefactory.internal.LocatingElementHandler.invoke(LocatingElementHandler.java:51)
at jdk.proxy2/jdk.proxy2.$Proxy10.click(Unknown Source)
at utilityLayer.HandleCalenderUtils.selectMonthYear(HandleCalenderUtils.java:25)
at pageLayer.CreateNewDealPage.newDealFunctionality(CreateNewDealPage.java:91)
at testLayer.CreateNewDealPageTest.validateNewDeal(CreateNewDealPageTest.java:36)
at java.base/java.util.ArrayList.forEach(ArrayList.java:1596)
... Removed 34 stack frames]]>
    </failure>
  </testcase> <!-- validateNewDeal -->
</testsuite> <!-- Test -->
